<?xml version="1.0" encoding="UTF-8"?>
<!-- Generated by org.testng.reporters.JUnitReportReporter -->
<testsuite skipped="0" hostname="admin-PC" name="MyMaven.ABC.xyz" tests="2" failures="0" timestamp="13 Aug 2020 10:22:52 GMT" time="0.018" errors="0">
  <testcase name="four" time="0.015" classname="MyMaven.ABC.xyz"/>
  <testcase name="three" time="0.003" classname="MyMaven.ABC.xyz"/>
</testsuite> <!-- MyMaven.ABC.xyz -->
