<?xml version="1.0" encoding="UTF-8"?>
<!-- Generated by org.testng.reporters.JUnitReportReporter -->
<testsuite skipped="0" hostname="admin-PC" name="MyMaven.ABC.abc" tests="2" failures="0" timestamp="13 Aug 2020 10:35:54 GMT" time="0.016" errors="0">
  <testcase name="one" time="0.013" classname="MyMaven.ABC.abc"/>
  <testcase name="two" time="0.003" classname="MyMaven.ABC.abc"/>
</testsuite> <!-- MyMaven.ABC.abc -->
