<?xml version="1.0" encoding="UTF-8"?>
<!-- Generated by org.testng.reporters.JUnitReportReporter -->
<testsuite skipped="0" hostname="admin-PC" name="MyMaven.ABC.abcTest" tests="2" failures="0" timestamp="13 Aug 2020 15:37:31 GMT" time="1.869" errors="0">
  <testcase name="googleTest" time="0.939" classname="MyMaven.ABC.abcTest"/>
  <testcase name="googleTest" time="0.930" classname="MyMaven.ABC.abcTest"/>
</testsuite> <!-- MyMaven.ABC.abcTest -->
