<?xml version="1.0" encoding="UTF-8"?>
<!-- Generated by org.testng.reporters.JUnitReportReporter -->
<testsuite skipped="0" hostname="admin-PC" name="MyMaven.ABC.abc" tests="2" failures="0" timestamp="13 Aug 2020 10:37:10 GMT" time="0.009" errors="0">
  <testcase name="two" time="0.000" classname="MyMaven.ABC.abc"/>
  <testcase name="one" time="0.009" classname="MyMaven.ABC.abc"/>
</testsuite> <!-- MyMaven.ABC.abc -->
