<?xml version="1.0" encoding="UTF-8"?>
<!-- Generated by org.testng.reporters.JUnitReportReporter -->
<testsuite skipped="0" hostname="admin-PC" name="MyMaven.ABC.AppTest" tests="1" failures="0" timestamp="2020-08-13T15:41:31 IST" time="0.005" errors="0">
  <testcase name="testApp" time="0.005" classname="MyMaven.ABC.AppTest"/>
  <system-out/>
</testsuite> <!-- MyMaven.ABC.AppTest -->
