<?xml version="1.0" encoding="UTF-8"?>
<!-- Generated by org.testng.reporters.JUnitReportReporter -->
<testsuite skipped="0" hostname="admin-PC" name="MyMaven.ABC.abcTest" tests="2" failures="0" timestamp="14 Aug 2020 05:00:38 GMT" time="2.726" errors="0">
  <testcase name="googleTest" time="1.409" classname="MyMaven.ABC.abcTest"/>
  <testcase name="googleTest" time="1.317" classname="MyMaven.ABC.abcTest"/>
</testsuite> <!-- MyMaven.ABC.abcTest -->
