<?xml version="1.0" encoding="UTF-8"?>
<!-- Generated by org.testng.reporters.JUnitReportReporter -->
<testsuite skipped="0" hostname="admin-PC" name="MyMaven.ABC.xyzTest" tests="1" failures="0" timestamp="14 Aug 2020 05:00:38 GMT" time="25.832" errors="0">
  <testcase name="testParameterWithXML" time="25.832" classname="MyMaven.ABC.xyzTest"/>
</testsuite> <!-- MyMaven.ABC.xyzTest -->
